This is pdfTeX, Version 3.14159265-2.6-1.40.19 (MiKTeX 2.9.6840 64-bit) (preloaded format=pdflatex 2018.10.30)  16 JAN 2019 11:57
entering extended mode
**./main.tex
(main.tex
LaTeX2e <2018-04-01> patch level 5

("C:\Users\Mattia\AppData\Local\Programs\MiKTeX 2.9\tex\latex\revtex\revtex4-1.
cls"
Document Class: revtex4-1 2010/07/25/20:33:00 4.1r (http://publish.aps.org/revt
ex4/ for documentation)
 Copyright (c) 2009 The American Physical Society.
 mailto:revtex@aps.org
 Licensed under the LPPL:
http://www.ctan.org/tex-archive/macros/latex/base/lppl.txt
 Arthur Ogawa <arthur_ogawa at sbcglobal dot net>
 Based on work by David Carlisle <david at dcarlisle.demon.co.uk>.
ltxutil[2010/07/25/20:33:00 4.1r utilities package (portions licensed from W. E
. Baxter web at superscript.com)]
LaTeX Info: Redefining \@centercr on input line 308.
Class revtex4-1 Info: Repairing broken LaTeX eqnarray on input line 358.
\eqncolsep=\skip41
Class revtex4-1 Info: Repairing hyperref-unfriendly LaTeX definition of \mpfoot
note on input line 433.
Class revtex4-1 Info: Repairing broken LateX \@sect on input line 755.
\intertabularlinepenalty=\count80
\@tbpen=\count81
\@arstrutbox@hline=\box26
Class revtex4-1 Info: Repairing broken LaTeX \@xbitor on input line 1786.
Class revtex4-1 Info: Making \typeout \long on input line 2046.
ltxfront[2010/07/25/20:33:00 4.1r frontmatter package (AO,DPC)]
\c@affil=\count82
\c@collab=\count83
\absbox=\box27
ltxgrid[2010/07/25/20:33:00 4.1r page grid package (portions licensed from W. E
. Baxter web at superscript.com)]
\c@linecount=\count84
\output@latex=\toks14
\box@size@1=\box28
\box@size@2=\box29
\@protection@box=\box30
\@topmark@saved=\toks15
\footins@saved=\box31
\footins@recovered=\box32
\column@recovered=\box33
\pagesofar=\box34
\footsofar=\box35
\pagegrid@col=\count85
Class revtex4-1 Info: Overriding \@vspace, \@vspacer, \@no@pgbk, \@newline, and
 \\  on input line 5578.
\c@part=\count86
\c@section=\count87
\c@subsection=\count88
\c@subsubsection=\count89
\c@paragraph=\count90
\c@subparagraph=\count91
\abovecaptionskip=\skip42
\belowcaptionskip=\skip43
\c@figure=\count92
\fbox@1=\box36
\c@table=\count93
\fbox@2=\box37
\c@video=\count94
\fbox@4=\box38
\@bibdataout=\write3
\widetext@top=\box39
\widetext@bot=\box40
Class revtex4-1 Info: Selecting society aip on input line 7542.
("C:\Users\Mattia\AppData\Local\Programs\MiKTeX 2.9\tex\latex\revtex\aip4-1.rtx
"
File: aip4-1.rtx 2010/07/25 4.1r AIP substyle for REVTeX
Class revtex4-1 Info: RevTeX society AIP selected on input line 67.
)
Class revtex4-1 Info: Selecting journal jmp on input line 7544.

Using journal substyle jmp.
Class revtex4-1 Info: Reading file aps10pt4-1.rtx on input line 7547.

("C:\Users\Mattia\AppData\Local\Programs\MiKTeX 2.9\tex\latex\revtex\aps10pt4-1
.rtx"
File: aps10pt4-1 2010/07/25/20:33:00 4.1r (http://publish.aps.org/revtex4/ for 
documentation)
Class revtex4-1 Info: RevTeX pointsize 10pt selected on input line 30.
)
Class revtex4-1 Info: Overriding 10pt on input line 7547.

("C:\Users\Mattia\AppData\Local\Programs\MiKTeX 2.9\tex\latex\textcase\textcase
.sty"
Package: textcase 2004/10/07 v0.07 Text only upper/lower case changing (DPC)
)
("C:\Users\Mattia\AppData\Local\Programs\MiKTeX 2.9\tex\latex\amsfonts\amssymb.
sty"
Package: amssymb 2013/01/14 v3.01 AMS font symbols

("C:\Users\Mattia\AppData\Local\Programs\MiKTeX 2.9\tex\latex\amsfonts\amsfonts
.sty"
Package: amsfonts 2013/01/14 v3.01 Basic AMSFonts support
\@emptytoks=\toks16
\symAMSa=\mathgroup4
\symAMSb=\mathgroup5
LaTeX Font Info:    Overwriting math alphabet `\mathfrak' in version `bold'
(Font)                  U/euf/m/n --> U/euf/b/n on input line 106.
))
("C:\Users\Mattia\AppData\Local\Programs\MiKTeX 2.9\tex\latex\amsmath\amsmath.s
ty"
Package: amsmath 2017/09/02 v2.17a AMS math features
\@mathmargin=\skip44

For additional information on amsmath, use the `?' option.

("C:\Users\Mattia\AppData\Local\Programs\MiKTeX 2.9\tex\latex\amsmath\amstext.s
ty"
Package: amstext 2000/06/29 v2.01 AMS text

("C:\Users\Mattia\AppData\Local\Programs\MiKTeX 2.9\tex\latex\amsmath\amsgen.st
y"
File: amsgen.sty 1999/11/30 v2.0 generic functions
\@emptytoks=\toks17
\ex@=\dimen102
)
LaTeX Info: Redefining \text on input line 28.
)
("C:\Users\Mattia\AppData\Local\Programs\MiKTeX 2.9\tex\latex\amsmath\amsbsy.st
y"
Package: amsbsy 1999/11/29 v1.2d Bold Symbols
\pmbraise@=\dimen103
)
("C:\Users\Mattia\AppData\Local\Programs\MiKTeX 2.9\tex\latex\amsmath\amsopn.st
y"
Package: amsopn 2016/03/08 v2.02 operator names
)
\inf@bad=\count95
LaTeX Info: Redefining \frac on input line 213.
\uproot@=\count96
\leftroot@=\count97
LaTeX Info: Redefining \overline on input line 375.
\classnum@=\count98
\DOTSCASE@=\count99
LaTeX Info: Redefining \ldots on input line 472.
LaTeX Info: Redefining \dots on input line 475.
LaTeX Info: Redefining \cdots on input line 596.
\Mathstrutbox@=\box41
\strutbox@=\box42
\big@size=\dimen104
LaTeX Font Info:    Redeclaring font encoding OML on input line 712.
LaTeX Font Info:    Redeclaring font encoding OMS on input line 713.
\macc@depth=\count100
\c@MaxMatrixCols=\count101
\dotsspace@=\muskip10
\c@parentequation=\count102
\dspbrk@lvl=\count103
\tag@help=\toks18
\row@=\count104
\column@=\count105
\maxfields@=\count106
\andhelp@=\toks19
\eqnshift@=\dimen105
\alignsep@=\dimen106
\tagshift@=\dimen107
\tagwidth@=\dimen108
\totwidth@=\dimen109
\lineht@=\dimen110
\@envbody=\toks20
\multlinegap=\skip45
\multlinetaggap=\skip46
\mathdisplay@stack=\toks21
LaTeX Info: Redefining \[ on input line 2817.
LaTeX Info: Redefining \] on input line 2818.
) ("C:\Users\Mattia\AppData\Local\Programs\MiKTeX 2.9\tex\latex\url\url.sty"
\Urlmuskip=\muskip11
Package: url 2013/09/16  ver 3.4  Verb mode for urls, etc.
)
("C:\Users\Mattia\AppData\Local\Programs\MiKTeX 2.9\tex\latex\natbib\natbib.sty
"
Package: natbib 2010/09/13 8.31b (PWD, AO)
\bibhang=\skip47
\bibsep=\skip48
LaTeX Info: Redefining \cite on input line 694.
\c@NAT@ctr=\count107
)
Class revtex4-1 Info: Repairing natbib's \BibitemShut on input line 7549.

("C:\Users\Mattia\AppData\Local\Programs\MiKTeX 2.9\tex\latex\revtex\revsymb4-1
.sty"
Package: revsymb4-1 2010/07/25/20:33:00 4.1r (http://publish.aps.org/revtex4/ f
or documentation)
LaTeX Info: Redefining \frak on input line 95.
LaTeX Info: Redefining \Bbb on input line 111.
LaTeX Info: Redefining \REV@mathfrak on input line 119.
))
("C:\Users\Mattia\AppData\Local\Programs\MiKTeX 2.9\tex\latex\graphics\graphicx
.sty"
Package: graphicx 2017/06/01 v1.1a Enhanced LaTeX Graphics (DPC,SPQR)

("C:\Users\Mattia\AppData\Local\Programs\MiKTeX 2.9\tex\latex\graphics\keyval.s
ty"
Package: keyval 2014/10/28 v1.15 key=value parser (DPC)
\KV@toks@=\toks22
)
("C:\Users\Mattia\AppData\Local\Programs\MiKTeX 2.9\tex\latex\graphics\graphics
.sty"
Package: graphics 2017/06/25 v1.2c Standard LaTeX Graphics (DPC,SPQR)

("C:\Users\Mattia\AppData\Local\Programs\MiKTeX 2.9\tex\latex\graphics\trig.sty
"
Package: trig 2016/01/03 v1.10 sin cos tan (DPC)
)
("C:\Users\Mattia\AppData\Local\Programs\MiKTeX 2.9\tex\latex\graphics-cfg\grap
hics.cfg"
File: graphics.cfg 2016/06/04 v1.11 sample graphics configuration
)
Package graphics Info: Driver file: pdftex.def on input line 99.

("C:\Users\Mattia\AppData\Local\Programs\MiKTeX 2.9\tex\latex\graphics-def\pdft
ex.def"
File: pdftex.def 2018/01/08 v1.0l Graphics/color driver for pdftex
))
\Gin@req@height=\dimen111
\Gin@req@width=\dimen112
)
("C:\Users\Mattia\AppData\Local\Programs\MiKTeX 2.9\tex\latex\tools\dcolumn.sty
"
Package: dcolumn 2014/10/28 v1.06 decimal alignment package (DPC)
 ("C:\Users\Mattia\AppData\Local\Programs\MiKTeX 2.9\tex\latex\tools\array.sty"
Package: array 2018/04/30 v2.4h Tabular extension package (FMi)
\col@sep=\dimen113
\ar@mcellbox=\box43
\extrarowheight=\dimen114
\NC@list=\toks23
\extratabsurround=\skip49
\backup@length=\skip50
\ar@cellbox=\box44
)) ("C:\Users\Mattia\AppData\Local\Programs\MiKTeX 2.9\tex\latex\tools\bm.sty"
Package: bm 2017/01/16 v1.2c Bold Symbol Support (DPC/FMi)
\symboldoperators=\mathgroup6
\symboldletters=\mathgroup7
\symboldsymbols=\mathgroup8
LaTeX Font Info:    Redeclaring math alphabet \mathbf on input line 141.
LaTeX Info: Redefining \bm on input line 207.
)
Class revtex4-1 Info: Unrecognized array package. Please update this document c
lass! (Proceeding with fingers crossed.) on input line 40.
Class revtex4-1 Info: Robustifying \LaTeX's \boldmath command on input line 40.

Class revtex4-1 Info: cite was not loaded (OK!) on input line 40.
Class revtex4-1 Info: mcite was not loaded (OK!) on input line 40.
Class revtex4-1 Info: multicol was not loaded (OK!) on input line 40.
 (main.aux

LaTeX Warning: Label `sec:level1' multiply defined.


LaTeX Warning: Label `sec:level2' multiply defined.


LaTeX Warning: Label `sec:level1' multiply defined.


LaTeX Warning: Label `sec:level1' multiply defined.


LaTeX Warning: Label `sec:level1' multiply defined.


LaTeX Warning: Label `LastPage' multiply defined.

)
\openout1 = `main.aux'.

LaTeX Font Info:    Checking defaults for OML/cmm/m/it on input line 40.
LaTeX Font Info:    ... okay on input line 40.
LaTeX Font Info:    Checking defaults for T1/cmr/m/n on input line 40.
LaTeX Font Info:    ... okay on input line 40.
LaTeX Font Info:    Checking defaults for OT1/cmr/m/n on input line 40.
LaTeX Font Info:    ... okay on input line 40.
LaTeX Font Info:    Checking defaults for OMS/cmsy/m/n on input line 40.
LaTeX Font Info:    ... okay on input line 40.
LaTeX Font Info:    Checking defaults for OMX/cmex/m/n on input line 40.
LaTeX Font Info:    ... okay on input line 40.
LaTeX Font Info:    Checking defaults for U/cmr/m/n on input line 40.
LaTeX Font Info:    ... okay on input line 40.

("C:\Users\Mattia\AppData\Local\Programs\MiKTeX 2.9\tex\context\base\supp-pdf.m
kii"
[Loading MPS to PDF converter (version 2006.09.02).]
\scratchcounter=\count108
\scratchdimen=\dimen115
\scratchbox=\box45
\nofMPsegments=\count109
\nofMParguments=\count110
\everyMPshowfont=\toks24
\MPscratchCnt=\count111
\MPscratchDim=\dimen116
\MPnumerator=\count112
\makeMPintoPDFobject=\count113
\everyMPtoPDFconversion=\toks25
)
("C:\Users\Mattia\AppData\Local\Programs\MiKTeX 2.9\tex\latex\oberdiek\epstopdf
-base.sty"
Package: epstopdf-base 2016/05/15 v2.6 Base part for package epstopdf

("C:\Users\Mattia\AppData\Local\Programs\MiKTeX 2.9\tex\generic\oberdiek\infwar
err.sty"
Package: infwarerr 2016/05/16 v1.4 Providing info/warning/error messages (HO)
)
("C:\Users\Mattia\AppData\Local\Programs\MiKTeX 2.9\tex\latex\oberdiek\grfext.s
ty"
Package: grfext 2016/05/16 v1.2 Manage graphics extensions (HO)

("C:\Users\Mattia\AppData\Local\Programs\MiKTeX 2.9\tex\generic\oberdiek\kvdefi
nekeys.sty"
Package: kvdefinekeys 2016/05/16 v1.4 Define keys (HO)

("C:\Users\Mattia\AppData\Local\Programs\MiKTeX 2.9\tex\generic\oberdiek\ltxcmd
s.sty"
Package: ltxcmds 2016/05/16 v1.23 LaTeX kernel commands for general use (HO)
)))
("C:\Users\Mattia\AppData\Local\Programs\MiKTeX 2.9\tex\latex\oberdiek\kvoption
s.sty"
Package: kvoptions 2016/05/16 v3.12 Key value format for package options (HO)

("C:\Users\Mattia\AppData\Local\Programs\MiKTeX 2.9\tex\generic\oberdiek\kvsetk
eys.sty"
Package: kvsetkeys 2016/05/16 v1.17 Key value parser (HO)

("C:\Users\Mattia\AppData\Local\Programs\MiKTeX 2.9\tex\generic\oberdiek\etexcm
ds.sty"
Package: etexcmds 2016/05/16 v1.6 Avoid name clashes with e-TeX commands (HO)

("C:\Users\Mattia\AppData\Local\Programs\MiKTeX 2.9\tex\generic\oberdiek\ifluat
ex.sty"
Package: ifluatex 2016/05/16 v1.4 Provides the ifluatex switch (HO)
Package ifluatex Info: LuaTeX not detected.
)
Package etexcmds Info: Could not find \expanded.
(etexcmds)             That can mean that you are not using pdfTeX 1.50 or
(etexcmds)             that some package has redefined \expanded.
(etexcmds)             In the latter case, load this package earlier.
)))
("C:\Users\Mattia\AppData\Local\Programs\MiKTeX 2.9\tex\generic\oberdiek\pdftex
cmds.sty"
Package: pdftexcmds 2018/09/10 v0.29 Utility functions of pdfTeX for LuaTeX (HO
)

("C:\Users\Mattia\AppData\Local\Programs\MiKTeX 2.9\tex\generic\oberdiek\ifpdf.
sty"
Package: ifpdf 2018/09/07 v3.3 Provides the ifpdf switch
)
Package pdftexcmds Info: LuaTeX not detected.
Package pdftexcmds Info: \pdf@primitive is available.
Package pdftexcmds Info: \pdf@ifprimitive is available.
Package pdftexcmds Info: \pdfdraftmode found.
)
Package epstopdf-base Info: Redefining graphics rule for `.eps' on input line 4
38.
Package grfext Info: Graphics extension search list:
(grfext)             [.pdf,.png,.jpg,.mps,.jpeg,.jbig2,.jb2,.PDF,.PNG,.JPG,.JPE
G,.JBIG2,.JB2,.eps]
(grfext)             \AppendGraphicsExtensions on input line 456.
)
\openout3 = `mainNotes.bib'.



Class revtex4-1 Warning: Assuming \noaffiliation for authors.

LaTeX Font Info:    Try loading font information for U+msa on input line 64.
("C:\Users\Mattia\AppData\Local\Programs\MiKTeX 2.9\tex\latex\amsfonts\umsa.fd"
File: umsa.fd 2013/01/14 v3.01 AMS symbols A
)
LaTeX Font Info:    Try loading font information for U+msb on input line 64.
 ("C:\Users\Mattia\AppData\Local\Programs\MiKTeX 2.9\tex\latex\amsfonts\umsb.fd
"
File: umsb.fd 2013/01/14 v3.01 AMS symbols B
)
Underfull \hbox (badness 10000) in paragraph at lines 84--85

 []


Underfull \hbox (badness 10000) in paragraph at lines 86--87

 []


Underfull \hbox (badness 10000) in paragraph at lines 94--95

 []


Underfull \hbox (badness 10000) in paragraph at lines 125--126

 []

[1{C:/Users/Mattia/AppData/Local/MiKTeX/2.9/pdftex/config/pdftex.map}]
<../open_top_repr.png, id=17, 602.25pt x 602.25pt>
File: ../open_top_repr.png Graphic file (type png)
<use ../open_top_repr.png>
Package pdftex.def Info: ../open_top_repr.png  used on input line 130.
(pdftex.def)             Requested size: 172.19925pt x 172.1944pt.
<../closed_top_repr.png, id=18, 602.25pt x 602.25pt>
File: ../closed_top_repr.png Graphic file (type png)
<use ../closed_top_repr.png>
Package pdftex.def Info: ../closed_top_repr.png  used on input line 137.
(pdftex.def)             Requested size: 172.19925pt x 172.1944pt.
<../summary_2.png, id=19, 415.5525pt x 422.32782pt>
File: ../summary_2.png Graphic file (type png)
<use ../summary_2.png>
Package pdftex.def Info: ../summary_2.png  used on input line 149.
(pdftex.def)             Requested size: 246.0pt x 250.00899pt.
<../global_indices_wrt_density.png, id=20, 559.08875pt x 552.0625pt>
File: ../global_indices_wrt_density.png Graphic file (type png)
<use ../global_indices_wrt_density.png>
Package pdftex.def Info: ../global_indices_wrt_density.png  used on input line 
156.
(pdftex.def)             Requested size: 123.0pt x 121.45412pt.
LaTeX Font Info:    Try loading font information for OMS+cmr on input line 168.


("C:\Users\Mattia\AppData\Local\Programs\MiKTeX 2.9\tex\latex\base\omscmr.fd"
File: omscmr.fd 2014/09/29 v2.5h Standard LaTeX font definitions
)
LaTeX Font Info:    Font shape `OMS/cmr/m/n' in size <10> not available
(Font)              Font shape `OMS/cmsy/m/n' tried instead on input line 168.

[2 <../open_top_repr.png> <../closed_top_repr.png> <../summary_2.png>]

LaTeX Warning: A float is stuck (cannot be placed); try class option [floatfix]
 on input line 176.


Underfull \hbox (badness 10000) in paragraph at lines 194--195

 []


Underfull \hbox (badness 10000) in paragraph at lines 196--197

 []


Underfull \hbox (badness 10000) in paragraph at lines 206--207

 []


Underfull \hbox (badness 10000) in paragraph at lines 208--209

 []


Underfull \hbox (badness 10000) in paragraph at lines 210--211

 []

[3 <../global_indices_wrt_density.png>]
Underfull \hbox (badness 10000) in paragraph at lines 236--237

 []


Underfull \hbox (badness 10000) in paragraph at lines 238--239

 []


Underfull \hbox (badness 10000) in paragraph at lines 240--241

 []


Underfull \hbox (badness 10000) in paragraph at lines 250--251

 []


Underfull \hbox (badness 10000) in paragraph at lines 256--257

 []


LaTeX Warning: No positions in optional float specifier.
               Default added (so using `tbp') on input line 258.

<../motifs_we_found.png, id=32, 243.15843pt x 189.70876pt>
File: ../motifs_we_found.png Graphic file (type png)
<use ../motifs_we_found.png>
Package pdftex.def Info: ../motifs_we_found.png  used on input line 278.
(pdftex.def)             Requested size: 172.19925pt x 134.34679pt.

Underfull \hbox (badness 10000) in paragraph at lines 286--288

 []

<../motif_open.png, id=33, 602.25pt x 602.25pt>
File: ../motif_open.png Graphic file (type png)
<use ../motif_open.png>
Package pdftex.def Info: ../motif_open.png  used on input line 291.
(pdftex.def)             Requested size: 172.19925pt x 172.1944pt.
<../motif_closed.png, id=34, 602.25pt x 602.25pt>
File: ../motif_closed.png Graphic file (type png)
<use ../motif_closed.png>
Package pdftex.def Info: ../motif_closed.png  used on input line 298.
(pdftex.def)             Requested size: 172.19925pt x 172.1944pt.
<../motif_given_channel_Po3.png, id=35, 256.70906pt x 307.1475pt>
File: ../motif_given_channel_Po3.png Graphic file (type png)
<use ../motif_given_channel_Po3.png>
Package pdftex.def Info: ../motif_given_channel_Po3.png  used on input line 307
.
(pdftex.def)             Requested size: 172.19925pt x 206.03615pt.

Underfull \hbox (badness 10000) in paragraph at lines 315--316

 []

[4 <../motifs_we_found.png> <../motif_open.png>]

LaTeX Warning: A float is stuck (cannot be placed); try class option [floatfix]
 on input line 316.


Underfull \hbox (badness 10000) in paragraph at lines 317--318

 []


Underfull \hbox (badness 1342) in paragraph at lines 319--320
[]\OT1/cmr/m/n/10 Finding an un-der-ly-ing com-mu-nity struc-ture in a
 []


Underfull \hbox (badness 10000) in paragraph at lines 319--320

 []


Underfull \hbox (badness 10000) in paragraph at lines 327--328

 []

<../liouvain_open.png, id=39, 602.25pt x 401.5pt>
File: ../liouvain_open.png Graphic file (type png)
<use ../liouvain_open.png>
Package pdftex.def Info: ../liouvain_open.png  used on input line 333.
(pdftex.def)             Requested size: 172.19925pt x 114.79626pt.
<../liouvain_closed.png, id=40, 602.25pt x 401.5pt>
File: ../liouvain_closed.png Graphic file (type png)
<use ../liouvain_closed.png>
Package pdftex.def Info: ../liouvain_closed.png  used on input line 341.
(pdftex.def)             Requested size: 172.19925pt x 114.79626pt.
[5 <../motif_closed.png> <../motif_given_channel_Po3.png> <../liouvain_open.png
>]

LaTeX Warning: A float is stuck (cannot be placed); try class option [floatfix]
 on input line 351.


Underfull \hbox (badness 10000) in paragraph at lines 378--382

 []

<../infoTheo_open.png, id=44, 602.25pt x 401.5pt>
File: ../infoTheo_open.png Graphic file (type png)
<use ../infoTheo_open.png>
Package pdftex.def Info: ../infoTheo_open.png  used on input line 387.
(pdftex.def)             Requested size: 172.19925pt x 114.79626pt.
<../infoTheo_closed.png, id=45, 602.25pt x 401.5pt>
File: ../infoTheo_closed.png Graphic file (type png)
<use ../infoTheo_closed.png>
Package pdftex.def Info: ../infoTheo_closed.png  used on input line 394.
(pdftex.def)             Requested size: 172.19925pt x 114.79626pt.

Underfull \hbox (badness 10000) in paragraph at lines 399--401

 []

[6 <../liouvain_closed.png> <../infoTheo_open.png> <../infoTheo_closed.png>]
Underfull \hbox (badness 10000) in paragraph at lines 408--410
 \OT1/cmtt/m/n/8 / / circ . ahajournals . org / cgi / content / full / 101 / 23
 / e215$\OT1/cmr/m/n/8 ];
 []


Underfull \hbox (badness 10000) in paragraph at lines 408--410
 
 []


Underfull \hbox (badness 3838) in paragraph at lines 411--412
 [][][]\OT1/cmtt/m/n/8 pyedflib []\OT1/cmr/m/n/8 mod-ule to read EDF files in [
][]\OT1/cmtt/m/n/8 python[]\OT1/cmr/m/n/8 . $\OT1/cmtt/m/n/8 https :
 []


Underfull \hbox (badness 10000) in paragraph at lines 411--412
 
 []


Underfull \hbox (badness 10000) in paragraph at lines 414--415
 
 []


Underfull \hbox (badness 10000) in paragraph at lines 417--418
 []$\OT1/cmtt/m/n/8 https : / / en . wikipedia . org / wiki / Brain _ connectiv
ity _
 []


Underfull \hbox (badness 10000) in paragraph at lines 417--418
 
 []


Underfull \hbox (badness 2401) in paragraph at lines 420--421
 []\OT1/cmr/m/n/8 Foster, J. J., Sut-terer, D. W., Ser-ences, J. T., Vo-gel,
 []


Underfull \hbox (badness 2600) in paragraph at lines 420--421
 \OT1/cmr/m/n/8 E. K., Awh, E. (2017). Alpha-Band Os-cil-la-tions En-able
 []


Underfull \hbox (badness 7362) in paragraph at lines 420--421
 \OT1/cmr/m/n/8 Spa-tially and Tem-po-rally Re-solved Track-ing of Covert
 []


Underfull \hbox (badness 4229) in paragraph at lines 420--421
 \OT1/cmr/m/n/8 Spa-tial At-ten-tion. Psy-cho-log-i-cal Sci-ence, 28(7), 929{94
1.
 []


Underfull \hbox (badness 10000) in paragraph at lines 420--421
 
 []


Underfull \hbox (badness 10000) in paragraph at lines 423--424
 
 []


Underfull \hbox (badness 10000) in paragraph at lines 426--427
 
 []


Underfull \hbox (badness 2181) in paragraph at lines 429--430
 \OT1/cmr/m/n/8 dy-nam-ics of small-world; net-works";. Na-ture. 393 (6684):
 []


Underfull \hbox (badness 10000) in paragraph at lines 429--430
 
 []


Underfull \hbox (badness 10000) in paragraph at lines 432--433
 
 []


Underfull \hbox (badness 10000) in paragraph at lines 435--436
 
 []


Underfull \hbox (badness 10000) in paragraph at lines 438--439
 
 []


Underfull \hbox (badness 1038) in paragraph at lines 441--442
 \OT1/cmr/m/n/8 PJ. The ubiq-uity of small-world net-works. Brain Con-nect.
 []


Underfull \hbox (badness 10000) in paragraph at lines 441--442
 
 []


Underfull \hbox (badness 10000) in paragraph at lines 444--445
 
 []


Underfull \hbox (badness 10000) in paragraph at lines 447--448
 
 []


Underfull \hbox (badness 10000) in paragraph at lines 450--451
 
 []


Underfull \hbox (badness 10000) in paragraph at lines 453--456
 
 []


Underfull \hbox (badness 10000) in paragraph at lines 458--459
 
 []


Underfull \hbox (badness 10000) in paragraph at lines 461--462
 
 []


Underfull \hbox (badness 10000) in paragraph at lines 464--465
 []$\OT1/cmtt/m/n/8 http : / / www . mapequation . org / assets / publications 
/
 []


Underfull \hbox (badness 10000) in paragraph at lines 464--465
 
 []


Underfull \hbox (badness 1371) in paragraph at lines 467--468
 []\OT1/cmr/m/n/8 It is avail-able at $\OT1/cmtt/m/n/8 http : / / www . weizman
n . ac . il / mcb / UriAlon /
 []


Underfull \hbox (badness 10000) in paragraph at lines 467--468
 
 []

No file main.bbl.
[7] (main.aux)

LaTeX Warning: There were multiply-defined labels.

 ) 
Here is how much of TeX's memory you used:
 4621 strings out of 492970
 63313 string characters out of 3126149
 167141 words of memory out of 3000000
 8394 multiletter control sequences out of 15000+200000
 17997 words of font info for 67 fonts, out of 3000000 for 9000
 1141 hyphenation exceptions out of 8191
 41i,7n,29p,790b,359s stack positions out of 5000i,500n,10000p,200000b,50000s
<C:/Users/Mattia/AppData/Local/Programs/MiKTeX 2.9/fonts/type1/public/amsfont
s/cm/cmbx10.pfb><C:/Users/Mattia/AppData/Local/Programs/MiKTeX 2.9/fonts/type1/
public/amsfonts/cm/cmbx9.pfb><C:/Users/Mattia/AppData/Local/Programs/MiKTeX 2.9
/fonts/type1/public/amsfonts/cm/cmex10.pfb><C:/Users/Mattia/AppData/Local/Progr
ams/MiKTeX 2.9/fonts/type1/public/amsfonts/cm/cmmi10.pfb><C:/Users/Mattia/AppDa
ta/Local/Programs/MiKTeX 2.9/fonts/type1/public/amsfonts/cm/cmmi7.pfb><C:/Users
/Mattia/AppData/Local/Programs/MiKTeX 2.9/fonts/type1/public/amsfonts/cm/cmmi8.
pfb><C:/Users/Mattia/AppData/Local/Programs/MiKTeX 2.9/fonts/type1/public/amsfo
nts/cm/cmr10.pfb><C:/Users/Mattia/AppData/Local/Programs/MiKTeX 2.9/fonts/type1
/public/amsfonts/cm/cmr6.pfb><C:/Users/Mattia/AppData/Local/Programs/MiKTeX 2.9
/fonts/type1/public/amsfonts/cm/cmr7.pfb><C:/Users/Mattia/AppData/Local/Program
s/MiKTeX 2.9/fonts/type1/public/amsfonts/cm/cmr8.pfb><C:/Users/Mattia/AppData/L
ocal/Programs/MiKTeX 2.9/fonts/type1/public/amsfonts/cm/cmr9.pfb><C:/Users/Matt
ia/AppData/Local/Programs/MiKTeX 2.9/fonts/type1/public/amsfonts/cm/cmss10.pfb>
<C:/Users/Mattia/AppData/Local/Programs/MiKTeX 2.9/fonts/type1/public/amsfonts/
cm/cmssbx10.pfb><C:/Users/Mattia/AppData/Local/Programs/MiKTeX 2.9/fonts/type1/
public/amsfonts/cm/cmsy10.pfb><C:/Users/Mattia/AppData/Local/Programs/MiKTeX 2.
9/fonts/type1/public/amsfonts/cm/cmsy7.pfb><C:/Users/Mattia/AppData/Local/Progr
ams/MiKTeX 2.9/fonts/type1/public/amsfonts/cm/cmti10.pfb><C:/Users/Mattia/AppDa
ta/Local/Programs/MiKTeX 2.9/fonts/type1/public/amsfonts/cm/cmtt10.pfb><C:/User
s/Mattia/AppData/Local/Programs/MiKTeX 2.9/fonts/type1/public/amsfonts/cm/cmtt8
.pfb><C:/Users/Mattia/AppData/Local/Programs/MiKTeX 2.9/fonts/type1/public/amsf
onts/symbols/msam7.pfb><C:/Users/Mattia/AppData/Local/Programs/MiKTeX 2.9/fonts
/type1/public/amsfonts/symbols/msbm10.pfb><C:/Users/Mattia/AppData/Local/Progra
ms/MiKTeX 2.9/fonts/type1/public/amsfonts/symbols/msbm7.pfb>
Output written on main.pdf (7 pages, 1315903 bytes).
PDF statistics:
 124 PDF objects out of 1000 (max. 8388607)
 0 named destinations out of 1000 (max. 500000)
 61 words of extra memory for PDF output out of 10000 (max. 10000000)

